<html>
<head>
<title>TestNG:  BankingApp Test</title>
<link href="../testng.css" rel="stylesheet" type="text/css" />
<link href="../my-testng.css" rel="stylesheet" type="text/css" />

<style type="text/css">
.log { display: none;} 
.stack-trace { display: none;} 
</style>
<script type="text/javascript">
<!--
function flip(e) {
  current = e.style.display;
  if (current == 'block') {
    e.style.display = 'none';
    return 0;
  }
  else {
    e.style.display = 'block';
    return 1;
  }
}

function toggleBox(szDivId, elem, msg1, msg2)
{
  var res = -1;  if (document.getElementById) {
    res = flip(document.getElementById(szDivId));
  }
  else if (document.all) {
    // this is the way old msie versions work
    res = flip(document.all[szDivId]);
  }
  if(elem) {
    if(res == 0) elem.innerHTML = msg1; else elem.innerHTML = msg2;
  }

}

function toggleAllBoxes() {
  if (document.getElementsByTagName) {
    d = document.getElementsByTagName('div');
    for (i = 0; i < d.length; i++) {
      if (d[i].className == 'log') {
        flip(d[i]);
      }
    }
  }
}

// -->
</script>

</head>
<body>
<h2 align='center'>BankingApp Test</h2><table border='1' align="center">
<tr>
<td>Tests passed/Failed/Skipped:</td><td>2/0/1</td>
</tr><tr>
<td>Started on:</td><td>Tue Oct 05 18:13:02 CDT 2021</td>
</tr>
<tr><td>Total time:</td><td>31 seconds (31734 ms)</td>
</tr><tr>
<td>Included groups:</td><td></td>
</tr><tr>
<td>Excluded groups:</td><td></td>
</tr>
</table><p/>
<small><i>(Hover the method name to see the test class name)</i></small><p/>
<table width='100%' border='1' class='invocation-failed'>
<tr><td colspan='4' align='center'><b>FAILED CONFIGURATIONS</b></td></tr>
<tr><td><b>Test method</b></td>
<td width="30%"><b>Exception</b></td>
<td width="10%"><b>Time (seconds)</b></td>
<td><b>Instance</b></td>
</tr>
<tr>
<td title='com.inetbanking.testcases.TC_EditCustomerTest_004.initialize()'><b>initialize</b><br>Test class: com.inetbanking.testcases.TC_EditCustomerTest_004<br>Parameters: chrome</td>
<td><div><pre>org.openqa.selenium.SessionNotCreatedException: session not created
from tab crashed
  (Session info: chrome=94.0.4606.71)
Build info: version: &apos;3.14.0&apos;, revision: &apos;aacccce0&apos;, time: &apos;2018-08-02T20:19:58.91Z&apos;
System info: host: &apos;DESKTOP-67GQROK&apos;, ip: &apos;10.0.0.169&apos;, os.name: &apos;Windows 10&apos;, os.arch: &apos;amd64&apos;, os.version: &apos;10.0&apos;, java.version: &apos;15.0.2&apos;
Driver info: driver.version: ChromeDriver
remote stacktrace: Backtrace:
	Ordinal0 [0x005CB9D3+2472403]
	Ordinal0 [0x00566961+2058593]
	Ordinal0 [0x00472180+1057152]
	Ordinal0 [0x00465558+1004888]
	Ordinal0 [0x00465226+1004070]
	Ordinal0 [0x0046496A+1001834]
	Ordinal0 [0x00463AFD+998141]
	Ordinal0 [0x00463DB6+998838]
	Ordinal0 [0x004636A5+997029]
	Ordinal0 [0x0046E3A4+1041316]
	Ordinal0 [0x00463661+996961]
	Ordinal0 [0x00464586+1000838]
	Ordinal0 [0x00463AFD+998141]
	Ordinal0 [0x00463DB6+998838]
	Ordinal0 [0x004636A5+997029]
	Ordinal0 [0x0046C37A+1033082]
	Ordinal0 [0x00463661+996961]
	Ordinal0 [0x00464586+1000838]
	Ordinal0 [0x00463AFD+998141]
	Ordinal0 [0x00463DB6+998838]
	Ordinal0 [0x004636A5+997029]
	Ordinal0 [0x0046A189+1024393]
	Ordinal0 [0x00463661+996961]
	Ordinal0 [0x00464586+1000838]
	Ordinal0 [0x00463AFD+998141]
	Ordinal0 [0x00463DB6+998838]
	Ordinal0 [0x004636A5+997029]
	Ordinal0 [0x004694AC+1021100]
	Ordinal0 [0x00463661+996961]
	Ordinal0 [0x00464586+1000838]
	Ordinal0 [0x00463AFD+998141]
	Ordinal0 [0x00463DB6+998838]
	Ordinal0 [0x004636A5+997029]
	Ordinal0 [0x0045F28D+979597]
	Ordinal0 [0x00463661+996961]
	Ordinal0 [0x00463400+996352]
	Ordinal0 [0x00463199+995737]
	Ordinal0 [0x004734D0+1062096]
	Ordinal0 [0x004BA94A+1354058]
	Ordinal0 [0x004B95EA+1349098]
	Ordinal0 [0x004B545B+1332315]
	Ordinal0 [0x00491FB4+1187764]
	Ordinal0 [0x00492E09+1191433]
	GetHandleVerifier [0x00753396+1551078]
	GetHandleVerifier [0x007FD53A+2247818]
	GetHandleVerifier [0x00657FBB+521995]
	GetHandleVerifier [0x00657079+518089]
	Ordinal0 [0x0056BD4D+2080077]
	Ordinal0 [0x0056FC18+2096152]
	Ordinal0 [0x0056FD52+2096466]
	Ordinal0 [0x005794B1+2135217]
	BaseThreadInitThunk [0x7677FA29+25]
	RtlGetAppContainerNamedObjectPath [0x77357A9E+286]
	RtlGetAppContainerNamedObjectPath [0x77357A6E+238]

	at org.openqa.selenium.remote.W3CHandshakeResponse.lambda$new$0(W3CHandshakeResponse.java:57)
	at org.openqa.selenium.remote.W3CHandshakeResponse.lambda$getResponseFunction$2(W3CHandshakeResponse.java:104)
	at org.openqa.selenium.remote.ProtocolHandshake.lambda$createSession$0(ProtocolHandshake.java:122)
	at java.base/java.util.stream.ReferencePipeline$3$1.accept(ReferencePipeline.java:195)
	at java.base/java.util.Spliterators$ArraySpliterator.tryAdvance(Spliterators.java:958)
	at java.base/java.util.stream.ReferencePipeline.forEachWithCancel(ReferencePipeline.java:127)
	at java.base/java.util.stream.AbstractPipeline.copyIntoWithCancel(AbstractPipeline.java:502)
	at java.base/java.util.stream.AbstractPipeline.copyInto(AbstractPipeline.java:488)
	at java.base/java.util.stream.AbstractPipeline.wrapAndCopyInto(AbstractPipeline.java:474)
	at java.base/java.util.stream.FindOps$FindOp.evaluateSequential(FindOps.java:150)
	at java.base/java.util.stream.AbstractPipeline.evaluate(AbstractPipeline.java:234)
	at java.base/java.util.stream.ReferencePipeline.findFirst(ReferencePipeline.java:543)
	at org.openqa.selenium.remote.ProtocolHandshake.createSession(ProtocolHandshake.java:125)
	at org.openqa.selenium.remote.ProtocolHandshake.createSession(ProtocolHandshake.java:73)
	at org.openqa.selenium.remote.HttpCommandExecutor.execute(HttpCommandExecutor.java:136)
	at org.openqa.selenium.remote.service.DriverCommandExecutor.execute(DriverCommandExecutor.java:83)
	at org.openqa.selenium.remote.RemoteWebDriver.execute(RemoteWebDriver.java:548)
	at org.openqa.selenium.remote.RemoteWebDriver.startSession(RemoteWebDriver.java:212)
	at org.openqa.selenium.remote.RemoteWebDriver.&lt;init&gt;(RemoteWebDriver.java:130)
	at org.openqa.selenium.chrome.ChromeDriver.&lt;init&gt;(ChromeDriver.java:181)
	at org.openqa.selenium.chrome.ChromeDriver.&lt;init&gt;(ChromeDriver.java:168)
	at org.openqa.selenium.chrome.ChromeDriver.&lt;init&gt;(ChromeDriver.java:123)
	at com.inetbanking.testcases.BaseTest.initialize(BaseTest.java:44)
	at java.base/java.util.ArrayList.forEach(ArrayList.java:1511)
... Removed 30 stack frames</pre></div><a href='#' onClick='toggleBox("stack-trace1948224958", this, "Click to show all stack frames", "Click to hide stack frames")'>Click to show all stack frames</a>
<div class='stack-trace' id='stack-trace1948224958'><pre>org.openqa.selenium.SessionNotCreatedException: session not created
from tab crashed
  (Session info: chrome=94.0.4606.71)
Build info: version: &apos;3.14.0&apos;, revision: &apos;aacccce0&apos;, time: &apos;2018-08-02T20:19:58.91Z&apos;
System info: host: &apos;DESKTOP-67GQROK&apos;, ip: &apos;10.0.0.169&apos;, os.name: &apos;Windows 10&apos;, os.arch: &apos;amd64&apos;, os.version: &apos;10.0&apos;, java.version: &apos;15.0.2&apos;
Driver info: driver.version: ChromeDriver
remote stacktrace: Backtrace:
	Ordinal0 [0x005CB9D3+2472403]
	Ordinal0 [0x00566961+2058593]
	Ordinal0 [0x00472180+1057152]
	Ordinal0 [0x00465558+1004888]
	Ordinal0 [0x00465226+1004070]
	Ordinal0 [0x0046496A+1001834]
	Ordinal0 [0x00463AFD+998141]
	Ordinal0 [0x00463DB6+998838]
	Ordinal0 [0x004636A5+997029]
	Ordinal0 [0x0046E3A4+1041316]
	Ordinal0 [0x00463661+996961]
	Ordinal0 [0x00464586+1000838]
	Ordinal0 [0x00463AFD+998141]
	Ordinal0 [0x00463DB6+998838]
	Ordinal0 [0x004636A5+997029]
	Ordinal0 [0x0046C37A+1033082]
	Ordinal0 [0x00463661+996961]
	Ordinal0 [0x00464586+1000838]
	Ordinal0 [0x00463AFD+998141]
	Ordinal0 [0x00463DB6+998838]
	Ordinal0 [0x004636A5+997029]
	Ordinal0 [0x0046A189+1024393]
	Ordinal0 [0x00463661+996961]
	Ordinal0 [0x00464586+1000838]
	Ordinal0 [0x00463AFD+998141]
	Ordinal0 [0x00463DB6+998838]
	Ordinal0 [0x004636A5+997029]
	Ordinal0 [0x004694AC+1021100]
	Ordinal0 [0x00463661+996961]
	Ordinal0 [0x00464586+1000838]
	Ordinal0 [0x00463AFD+998141]
	Ordinal0 [0x00463DB6+998838]
	Ordinal0 [0x004636A5+997029]
	Ordinal0 [0x0045F28D+979597]
	Ordinal0 [0x00463661+996961]
	Ordinal0 [0x00463400+996352]
	Ordinal0 [0x00463199+995737]
	Ordinal0 [0x004734D0+1062096]
	Ordinal0 [0x004BA94A+1354058]
	Ordinal0 [0x004B95EA+1349098]
	Ordinal0 [0x004B545B+1332315]
	Ordinal0 [0x00491FB4+1187764]
	Ordinal0 [0x00492E09+1191433]
	GetHandleVerifier [0x00753396+1551078]
	GetHandleVerifier [0x007FD53A+2247818]
	GetHandleVerifier [0x00657FBB+521995]
	GetHandleVerifier [0x00657079+518089]
	Ordinal0 [0x0056BD4D+2080077]
	Ordinal0 [0x0056FC18+2096152]
	Ordinal0 [0x0056FD52+2096466]
	Ordinal0 [0x005794B1+2135217]
	BaseThreadInitThunk [0x7677FA29+25]
	RtlGetAppContainerNamedObjectPath [0x77357A9E+286]
	RtlGetAppContainerNamedObjectPath [0x77357A6E+238]

	at java.base/jdk.internal.reflect.NativeConstructorAccessorImpl.newInstance0(Native Method)
	at java.base/jdk.internal.reflect.NativeConstructorAccessorImpl.newInstance(NativeConstructorAccessorImpl.java:64)
	at java.base/jdk.internal.reflect.DelegatingConstructorAccessorImpl.newInstance(DelegatingConstructorAccessorImpl.java:45)
	at java.base/java.lang.reflect.Constructor.newInstanceWithCaller(Constructor.java:500)
	at java.base/java.lang.reflect.Constructor.newInstance(Constructor.java:481)
	at org.openqa.selenium.remote.W3CHandshakeResponse.lambda$new$0(W3CHandshakeResponse.java:57)
	at org.openqa.selenium.remote.W3CHandshakeResponse.lambda$getResponseFunction$2(W3CHandshakeResponse.java:104)
	at org.openqa.selenium.remote.ProtocolHandshake.lambda$createSession$0(ProtocolHandshake.java:122)
	at java.base/java.util.stream.ReferencePipeline$3$1.accept(ReferencePipeline.java:195)
	at java.base/java.util.Spliterators$ArraySpliterator.tryAdvance(Spliterators.java:958)
	at java.base/java.util.stream.ReferencePipeline.forEachWithCancel(ReferencePipeline.java:127)
	at java.base/java.util.stream.AbstractPipeline.copyIntoWithCancel(AbstractPipeline.java:502)
	at java.base/java.util.stream.AbstractPipeline.copyInto(AbstractPipeline.java:488)
	at java.base/java.util.stream.AbstractPipeline.wrapAndCopyInto(AbstractPipeline.java:474)
	at java.base/java.util.stream.FindOps$FindOp.evaluateSequential(FindOps.java:150)
	at java.base/java.util.stream.AbstractPipeline.evaluate(AbstractPipeline.java:234)
	at java.base/java.util.stream.ReferencePipeline.findFirst(ReferencePipeline.java:543)
	at org.openqa.selenium.remote.ProtocolHandshake.createSession(ProtocolHandshake.java:125)
	at org.openqa.selenium.remote.ProtocolHandshake.createSession(ProtocolHandshake.java:73)
	at org.openqa.selenium.remote.HttpCommandExecutor.execute(HttpCommandExecutor.java:136)
	at org.openqa.selenium.remote.service.DriverCommandExecutor.execute(DriverCommandExecutor.java:83)
	at org.openqa.selenium.remote.RemoteWebDriver.execute(RemoteWebDriver.java:548)
	at org.openqa.selenium.remote.RemoteWebDriver.startSession(RemoteWebDriver.java:212)
	at org.openqa.selenium.remote.RemoteWebDriver.&lt;init&gt;(RemoteWebDriver.java:130)
	at org.openqa.selenium.chrome.ChromeDriver.&lt;init&gt;(ChromeDriver.java:181)
	at org.openqa.selenium.chrome.ChromeDriver.&lt;init&gt;(ChromeDriver.java:168)
	at org.openqa.selenium.chrome.ChromeDriver.&lt;init&gt;(ChromeDriver.java:123)
	at com.inetbanking.testcases.BaseTest.initialize(BaseTest.java:44)
	at java.base/jdk.internal.reflect.NativeMethodAccessorImpl.invoke0(Native Method)
	at java.base/jdk.internal.reflect.NativeMethodAccessorImpl.invoke(NativeMethodAccessorImpl.java:64)
	at java.base/jdk.internal.reflect.DelegatingMethodAccessorImpl.invoke(DelegatingMethodAccessorImpl.java:43)
	at java.base/java.lang.reflect.Method.invoke(Method.java:564)
	at org.testng.internal.MethodInvocationHelper.invokeMethod(MethodInvocationHelper.java:132)
	at org.testng.internal.MethodInvocationHelper.invokeMethodConsideringTimeout(MethodInvocationHelper.java:61)
	at org.testng.internal.ConfigInvoker.invokeConfigurationMethod(ConfigInvoker.java:366)
	at org.testng.internal.ConfigInvoker.invokeConfigurations(ConfigInvoker.java:320)
	at org.testng.internal.TestMethodWorker.invokeBeforeClassMethods(TestMethodWorker.java:176)
	at org.testng.internal.TestMethodWorker.run(TestMethodWorker.java:122)
	at java.base/java.util.ArrayList.forEach(ArrayList.java:1511)
	at org.testng.TestRunner.privateRun(TestRunner.java:764)
	at org.testng.TestRunner.run(TestRunner.java:585)
	at org.testng.SuiteRunner.runTest(SuiteRunner.java:384)
	at org.testng.SuiteRunner.runSequentially(SuiteRunner.java:378)
	at org.testng.SuiteRunner.privateRun(SuiteRunner.java:337)
	at org.testng.SuiteRunner.run(SuiteRunner.java:286)
	at org.testng.SuiteRunnerWorker.runSuite(SuiteRunnerWorker.java:53)
	at org.testng.SuiteRunnerWorker.run(SuiteRunnerWorker.java:96)
	at org.testng.TestNG.runSuitesSequentially(TestNG.java:1218)
	at org.testng.TestNG.runSuitesLocally(TestNG.java:1140)
	at org.testng.TestNG.runSuites(TestNG.java:1069)
	at org.testng.TestNG.run(TestNG.java:1037)
	at org.testng.remote.AbstractRemoteTestNG.run(AbstractRemoteTestNG.java:115)
	at org.testng.remote.RemoteTestNG.initAndRun(RemoteTestNG.java:251)
	at org.testng.remote.RemoteTestNG.main(RemoteTestNG.java:77)
</pre></div></td>
<td>2</td>
<td>com.inetbanking.testcases.TC_EditCustomerTest_004@1613674b</td></tr>
</table><p>
<table width='100%' border='1' class='invocation-passed'>
<tr><td colspan='4' align='center'><b>PASSED TESTS</b></td></tr>
<tr><td><b>Test method</b></td>
<td width="30%"><b>Exception</b></td>
<td width="10%"><b>Time (seconds)</b></td>
<td><b>Instance</b></td>
</tr>
<tr>
<td title='com.inetbanking.testcases.TC_AddCustomerTest_003.addNewCustomer()'><b>addNewCustomer</b><br>Test class: com.inetbanking.testcases.TC_AddCustomerTest_003</td>
<td></td>
<td>16</td>
<td>com.inetbanking.testcases.TC_AddCustomerTest_003@5ace1ed4</td></tr>
<tr>
<td title='com.inetbanking.testcases.TC_LoginTest_001.loginTest()'><b>loginTest</b><br>Test class: com.inetbanking.testcases.TC_LoginTest_001</td>
<td></td>
<td>0</td>
<td>com.inetbanking.testcases.TC_LoginTest_001@6631f5ca</td></tr>
</table><p>
<table width='100%' border='1' class='invocation-skipped'>
<tr><td colspan='4' align='center'><b>SKIPPED TESTS</b></td></tr>
<tr><td><b>Test method</b></td>
<td width="30%"><b>Exception</b></td>
<td width="10%"><b>Time (seconds)</b></td>
<td><b>Instance</b></td>
</tr>
<tr>
<td title='com.inetbanking.testcases.TC_EditCustomerTest_004.editCustomer()'><b>editCustomer</b><br>Test class: com.inetbanking.testcases.TC_EditCustomerTest_004</td>
<td><div><pre>org.openqa.selenium.SessionNotCreatedException: session not created
from tab crashed
  (Session info: chrome=94.0.4606.71)
Build info: version: &apos;3.14.0&apos;, revision: &apos;aacccce0&apos;, time: &apos;2018-08-02T20:19:58.91Z&apos;
System info: host: &apos;DESKTOP-67GQROK&apos;, ip: &apos;10.0.0.169&apos;, os.name: &apos;Windows 10&apos;, os.arch: &apos;amd64&apos;, os.version: &apos;10.0&apos;, java.version: &apos;15.0.2&apos;
Driver info: driver.version: ChromeDriver
remote stacktrace: Backtrace:
	Ordinal0 [0x005CB9D3+2472403]
	Ordinal0 [0x00566961+2058593]
	Ordinal0 [0x00472180+1057152]
	Ordinal0 [0x00465558+1004888]
	Ordinal0 [0x00465226+1004070]
	Ordinal0 [0x0046496A+1001834]
	Ordinal0 [0x00463AFD+998141]
	Ordinal0 [0x00463DB6+998838]
	Ordinal0 [0x004636A5+997029]
	Ordinal0 [0x0046E3A4+1041316]
	Ordinal0 [0x00463661+996961]
	Ordinal0 [0x00464586+1000838]
	Ordinal0 [0x00463AFD+998141]
	Ordinal0 [0x00463DB6+998838]
	Ordinal0 [0x004636A5+997029]
	Ordinal0 [0x0046C37A+1033082]
	Ordinal0 [0x00463661+996961]
	Ordinal0 [0x00464586+1000838]
	Ordinal0 [0x00463AFD+998141]
	Ordinal0 [0x00463DB6+998838]
	Ordinal0 [0x004636A5+997029]
	Ordinal0 [0x0046A189+1024393]
	Ordinal0 [0x00463661+996961]
	Ordinal0 [0x00464586+1000838]
	Ordinal0 [0x00463AFD+998141]
	Ordinal0 [0x00463DB6+998838]
	Ordinal0 [0x004636A5+997029]
	Ordinal0 [0x004694AC+1021100]
	Ordinal0 [0x00463661+996961]
	Ordinal0 [0x00464586+1000838]
	Ordinal0 [0x00463AFD+998141]
	Ordinal0 [0x00463DB6+998838]
	Ordinal0 [0x004636A5+997029]
	Ordinal0 [0x0045F28D+979597]
	Ordinal0 [0x00463661+996961]
	Ordinal0 [0x00463400+996352]
	Ordinal0 [0x00463199+995737]
	Ordinal0 [0x004734D0+1062096]
	Ordinal0 [0x004BA94A+1354058]
	Ordinal0 [0x004B95EA+1349098]
	Ordinal0 [0x004B545B+1332315]
	Ordinal0 [0x00491FB4+1187764]
	Ordinal0 [0x00492E09+1191433]
	GetHandleVerifier [0x00753396+1551078]
	GetHandleVerifier [0x007FD53A+2247818]
	GetHandleVerifier [0x00657FBB+521995]
	GetHandleVerifier [0x00657079+518089]
	Ordinal0 [0x0056BD4D+2080077]
	Ordinal0 [0x0056FC18+2096152]
	Ordinal0 [0x0056FD52+2096466]
	Ordinal0 [0x005794B1+2135217]
	BaseThreadInitThunk [0x7677FA29+25]
	RtlGetAppContainerNamedObjectPath [0x77357A9E+286]
	RtlGetAppContainerNamedObjectPath [0x77357A6E+238]

	at org.openqa.selenium.remote.W3CHandshakeResponse.lambda$new$0(W3CHandshakeResponse.java:57)
	at org.openqa.selenium.remote.W3CHandshakeResponse.lambda$getResponseFunction$2(W3CHandshakeResponse.java:104)
	at org.openqa.selenium.remote.ProtocolHandshake.lambda$createSession$0(ProtocolHandshake.java:122)
	at java.base/java.util.stream.ReferencePipeline$3$1.accept(ReferencePipeline.java:195)
	at java.base/java.util.Spliterators$ArraySpliterator.tryAdvance(Spliterators.java:958)
	at java.base/java.util.stream.ReferencePipeline.forEachWithCancel(ReferencePipeline.java:127)
	at java.base/java.util.stream.AbstractPipeline.copyIntoWithCancel(AbstractPipeline.java:502)
	at java.base/java.util.stream.AbstractPipeline.copyInto(AbstractPipeline.java:488)
	at java.base/java.util.stream.AbstractPipeline.wrapAndCopyInto(AbstractPipeline.java:474)
	at java.base/java.util.stream.FindOps$FindOp.evaluateSequential(FindOps.java:150)
	at java.base/java.util.stream.AbstractPipeline.evaluate(AbstractPipeline.java:234)
	at java.base/java.util.stream.ReferencePipeline.findFirst(ReferencePipeline.java:543)
	at org.openqa.selenium.remote.ProtocolHandshake.createSession(ProtocolHandshake.java:125)
	at org.openqa.selenium.remote.ProtocolHandshake.createSession(ProtocolHandshake.java:73)
	at org.openqa.selenium.remote.HttpCommandExecutor.execute(HttpCommandExecutor.java:136)
	at org.openqa.selenium.remote.service.DriverCommandExecutor.execute(DriverCommandExecutor.java:83)
	at org.openqa.selenium.remote.RemoteWebDriver.execute(RemoteWebDriver.java:548)
	at org.openqa.selenium.remote.RemoteWebDriver.startSession(RemoteWebDriver.java:212)
	at org.openqa.selenium.remote.RemoteWebDriver.&lt;init&gt;(RemoteWebDriver.java:130)
	at org.openqa.selenium.chrome.ChromeDriver.&lt;init&gt;(ChromeDriver.java:181)
	at org.openqa.selenium.chrome.ChromeDriver.&lt;init&gt;(ChromeDriver.java:168)
	at org.openqa.selenium.chrome.ChromeDriver.&lt;init&gt;(ChromeDriver.java:123)
	at com.inetbanking.testcases.BaseTest.initialize(BaseTest.java:44)
	at java.base/java.util.ArrayList.forEach(ArrayList.java:1511)
... Removed 30 stack frames</pre></div><a href='#' onClick='toggleBox("stack-trace531373404", this, "Click to show all stack frames", "Click to hide stack frames")'>Click to show all stack frames</a>
<div class='stack-trace' id='stack-trace531373404'><pre>org.openqa.selenium.SessionNotCreatedException: session not created
from tab crashed
  (Session info: chrome=94.0.4606.71)
Build info: version: &apos;3.14.0&apos;, revision: &apos;aacccce0&apos;, time: &apos;2018-08-02T20:19:58.91Z&apos;
System info: host: &apos;DESKTOP-67GQROK&apos;, ip: &apos;10.0.0.169&apos;, os.name: &apos;Windows 10&apos;, os.arch: &apos;amd64&apos;, os.version: &apos;10.0&apos;, java.version: &apos;15.0.2&apos;
Driver info: driver.version: ChromeDriver
remote stacktrace: Backtrace:
	Ordinal0 [0x005CB9D3+2472403]
	Ordinal0 [0x00566961+2058593]
	Ordinal0 [0x00472180+1057152]
	Ordinal0 [0x00465558+1004888]
	Ordinal0 [0x00465226+1004070]
	Ordinal0 [0x0046496A+1001834]
	Ordinal0 [0x00463AFD+998141]
	Ordinal0 [0x00463DB6+998838]
	Ordinal0 [0x004636A5+997029]
	Ordinal0 [0x0046E3A4+1041316]
	Ordinal0 [0x00463661+996961]
	Ordinal0 [0x00464586+1000838]
	Ordinal0 [0x00463AFD+998141]
	Ordinal0 [0x00463DB6+998838]
	Ordinal0 [0x004636A5+997029]
	Ordinal0 [0x0046C37A+1033082]
	Ordinal0 [0x00463661+996961]
	Ordinal0 [0x00464586+1000838]
	Ordinal0 [0x00463AFD+998141]
	Ordinal0 [0x00463DB6+998838]
	Ordinal0 [0x004636A5+997029]
	Ordinal0 [0x0046A189+1024393]
	Ordinal0 [0x00463661+996961]
	Ordinal0 [0x00464586+1000838]
	Ordinal0 [0x00463AFD+998141]
	Ordinal0 [0x00463DB6+998838]
	Ordinal0 [0x004636A5+997029]
	Ordinal0 [0x004694AC+1021100]
	Ordinal0 [0x00463661+996961]
	Ordinal0 [0x00464586+1000838]
	Ordinal0 [0x00463AFD+998141]
	Ordinal0 [0x00463DB6+998838]
	Ordinal0 [0x004636A5+997029]
	Ordinal0 [0x0045F28D+979597]
	Ordinal0 [0x00463661+996961]
	Ordinal0 [0x00463400+996352]
	Ordinal0 [0x00463199+995737]
	Ordinal0 [0x004734D0+1062096]
	Ordinal0 [0x004BA94A+1354058]
	Ordinal0 [0x004B95EA+1349098]
	Ordinal0 [0x004B545B+1332315]
	Ordinal0 [0x00491FB4+1187764]
	Ordinal0 [0x00492E09+1191433]
	GetHandleVerifier [0x00753396+1551078]
	GetHandleVerifier [0x007FD53A+2247818]
	GetHandleVerifier [0x00657FBB+521995]
	GetHandleVerifier [0x00657079+518089]
	Ordinal0 [0x0056BD4D+2080077]
	Ordinal0 [0x0056FC18+2096152]
	Ordinal0 [0x0056FD52+2096466]
	Ordinal0 [0x005794B1+2135217]
	BaseThreadInitThunk [0x7677FA29+25]
	RtlGetAppContainerNamedObjectPath [0x77357A9E+286]
	RtlGetAppContainerNamedObjectPath [0x77357A6E+238]

	at java.base/jdk.internal.reflect.NativeConstructorAccessorImpl.newInstance0(Native Method)
	at java.base/jdk.internal.reflect.NativeConstructorAccessorImpl.newInstance(NativeConstructorAccessorImpl.java:64)
	at java.base/jdk.internal.reflect.DelegatingConstructorAccessorImpl.newInstance(DelegatingConstructorAccessorImpl.java:45)
	at java.base/java.lang.reflect.Constructor.newInstanceWithCaller(Constructor.java:500)
	at java.base/java.lang.reflect.Constructor.newInstance(Constructor.java:481)
	at org.openqa.selenium.remote.W3CHandshakeResponse.lambda$new$0(W3CHandshakeResponse.java:57)
	at org.openqa.selenium.remote.W3CHandshakeResponse.lambda$getResponseFunction$2(W3CHandshakeResponse.java:104)
	at org.openqa.selenium.remote.ProtocolHandshake.lambda$createSession$0(ProtocolHandshake.java:122)
	at java.base/java.util.stream.ReferencePipeline$3$1.accept(ReferencePipeline.java:195)
	at java.base/java.util.Spliterators$ArraySpliterator.tryAdvance(Spliterators.java:958)
	at java.base/java.util.stream.ReferencePipeline.forEachWithCancel(ReferencePipeline.java:127)
	at java.base/java.util.stream.AbstractPipeline.copyIntoWithCancel(AbstractPipeline.java:502)
	at java.base/java.util.stream.AbstractPipeline.copyInto(AbstractPipeline.java:488)
	at java.base/java.util.stream.AbstractPipeline.wrapAndCopyInto(AbstractPipeline.java:474)
	at java.base/java.util.stream.FindOps$FindOp.evaluateSequential(FindOps.java:150)
	at java.base/java.util.stream.AbstractPipeline.evaluate(AbstractPipeline.java:234)
	at java.base/java.util.stream.ReferencePipeline.findFirst(ReferencePipeline.java:543)
	at org.openqa.selenium.remote.ProtocolHandshake.createSession(ProtocolHandshake.java:125)
	at org.openqa.selenium.remote.ProtocolHandshake.createSession(ProtocolHandshake.java:73)
	at org.openqa.selenium.remote.HttpCommandExecutor.execute(HttpCommandExecutor.java:136)
	at org.openqa.selenium.remote.service.DriverCommandExecutor.execute(DriverCommandExecutor.java:83)
	at org.openqa.selenium.remote.RemoteWebDriver.execute(RemoteWebDriver.java:548)
	at org.openqa.selenium.remote.RemoteWebDriver.startSession(RemoteWebDriver.java:212)
	at org.openqa.selenium.remote.RemoteWebDriver.&lt;init&gt;(RemoteWebDriver.java:130)
	at org.openqa.selenium.chrome.ChromeDriver.&lt;init&gt;(ChromeDriver.java:181)
	at org.openqa.selenium.chrome.ChromeDriver.&lt;init&gt;(ChromeDriver.java:168)
	at org.openqa.selenium.chrome.ChromeDriver.&lt;init&gt;(ChromeDriver.java:123)
	at com.inetbanking.testcases.BaseTest.initialize(BaseTest.java:44)
	at java.base/jdk.internal.reflect.NativeMethodAccessorImpl.invoke0(Native Method)
	at java.base/jdk.internal.reflect.NativeMethodAccessorImpl.invoke(NativeMethodAccessorImpl.java:64)
	at java.base/jdk.internal.reflect.DelegatingMethodAccessorImpl.invoke(DelegatingMethodAccessorImpl.java:43)
	at java.base/java.lang.reflect.Method.invoke(Method.java:564)
	at org.testng.internal.MethodInvocationHelper.invokeMethod(MethodInvocationHelper.java:132)
	at org.testng.internal.MethodInvocationHelper.invokeMethodConsideringTimeout(MethodInvocationHelper.java:61)
	at org.testng.internal.ConfigInvoker.invokeConfigurationMethod(ConfigInvoker.java:366)
	at org.testng.internal.ConfigInvoker.invokeConfigurations(ConfigInvoker.java:320)
	at org.testng.internal.TestMethodWorker.invokeBeforeClassMethods(TestMethodWorker.java:176)
	at org.testng.internal.TestMethodWorker.run(TestMethodWorker.java:122)
	at java.base/java.util.ArrayList.forEach(ArrayList.java:1511)
	at org.testng.TestRunner.privateRun(TestRunner.java:764)
	at org.testng.TestRunner.run(TestRunner.java:585)
	at org.testng.SuiteRunner.runTest(SuiteRunner.java:384)
	at org.testng.SuiteRunner.runSequentially(SuiteRunner.java:378)
	at org.testng.SuiteRunner.privateRun(SuiteRunner.java:337)
	at org.testng.SuiteRunner.run(SuiteRunner.java:286)
	at org.testng.SuiteRunnerWorker.runSuite(SuiteRunnerWorker.java:53)
	at org.testng.SuiteRunnerWorker.run(SuiteRunnerWorker.java:96)
	at org.testng.TestNG.runSuitesSequentially(TestNG.java:1218)
	at org.testng.TestNG.runSuitesLocally(TestNG.java:1140)
	at org.testng.TestNG.runSuites(TestNG.java:1069)
	at org.testng.TestNG.run(TestNG.java:1037)
	at org.testng.remote.AbstractRemoteTestNG.run(AbstractRemoteTestNG.java:115)
	at org.testng.remote.RemoteTestNG.initAndRun(RemoteTestNG.java:251)
	at org.testng.remote.RemoteTestNG.main(RemoteTestNG.java:77)
</pre></div></td>
<td>0</td>
<td>com.inetbanking.testcases.TC_EditCustomerTest_004@1613674b</td></tr>
</table><p>
</body>
</html>