<?xml version="1.0" encoding="UTF-8"?>
<testng-results ignored="0" total="4" passed="3" failed="1" skipped="0">
  <reporter-output>
  </reporter-output>
  <suite started-at="2021-12-30T17:28:14 CST" name="Suite" finished-at="2021-12-30T17:28:37 CST" duration-ms="22330">
    <groups>
    </groups>
    <test started-at="2021-12-30T17:28:14 CST" name="Home" finished-at="2021-12-30T17:28:25 CST" duration-ms="10432">
      <class name="tests.HomePageTitleTest">
        <test-method is-config="true" signature="initiliazeDriver()[pri:0, instance:tests.HomePageTitleTest@4b1d6571]" started-at="2021-12-30T17:28:14 CST" name="initiliazeDriver" finished-at="2021-12-30T17:28:23 CST" duration-ms="8960" status="PASS">
          <reporter-output>
          </reporter-output>
        </test-method> <!-- initiliazeDriver -->
        <test-method signature="validatingHomePageTitle()[pri:0, instance:tests.HomePageTitleTest@4b1d6571]" started-at="2021-12-30T17:28:23 CST" name="validatingHomePageTitle" finished-at="2021-12-30T17:28:24 CST" duration-ms="500" status="FAIL">
          <exception class="java.lang.AssertionError">
            <message>
              <![CDATA[expected [123Featured588Courses] but found [Featured Courses]]]>
            </message>
            <full-stacktrace>
              <![CDATA[java.lang.AssertionError: expected [123Featured588Courses] but found [Featured Courses]
at org.testng.Assert.fail(Assert.java:99)
at org.testng.Assert.failNotEquals(Assert.java:1037)
at org.testng.Assert.assertEqualsImpl(Assert.java:140)
at org.testng.Assert.assertEquals(Assert.java:122)
at org.testng.Assert.assertEquals(Assert.java:629)
at org.testng.Assert.assertEquals(Assert.java:639)
at tests.HomePageTitleTest.validatingHomePageTitle(HomePageTitleTest.java:37)
at java.base/jdk.internal.reflect.NativeMethodAccessorImpl.invoke0(Native Method)
at java.base/jdk.internal.reflect.NativeMethodAccessorImpl.invoke(NativeMethodAccessorImpl.java:78)
at java.base/jdk.internal.reflect.DelegatingMethodAccessorImpl.invoke(DelegatingMethodAccessorImpl.java:43)
at java.base/java.lang.reflect.Method.invoke(Method.java:567)
at org.testng.internal.MethodInvocationHelper.invokeMethod(MethodInvocationHelper.java:133)
at org.testng.internal.TestInvoker.invokeMethod(TestInvoker.java:598)
at org.testng.internal.TestInvoker.invokeTestMethod(TestInvoker.java:173)
at org.testng.internal.MethodRunner.runInSequence(MethodRunner.java:46)
at org.testng.internal.TestInvoker$MethodInvocationAgent.invoke(TestInvoker.java:824)
at org.testng.internal.TestInvoker.invokeTestMethods(TestInvoker.java:146)
at org.testng.internal.TestMethodWorker.invokeTestMethods(TestMethodWorker.java:146)
at org.testng.internal.TestMethodWorker.run(TestMethodWorker.java:128)
at java.base/java.util.ArrayList.forEach(ArrayList.java:1511)
at org.testng.TestRunner.privateRun(TestRunner.java:794)
at org.testng.TestRunner.run(TestRunner.java:596)
at org.testng.SuiteRunner.runTest(SuiteRunner.java:377)
at org.testng.SuiteRunner.access$000(SuiteRunner.java:28)
at org.testng.SuiteRunner$SuiteWorker.run(SuiteRunner.java:418)
at org.testng.internal.thread.ThreadUtil.lambda$execute$0(ThreadUtil.java:64)
at java.base/java.util.concurrent.FutureTask.run(FutureTask.java:264)
at java.base/java.util.concurrent.ThreadPoolExecutor.runWorker(ThreadPoolExecutor.java:1130)
at java.base/java.util.concurrent.ThreadPoolExecutor$Worker.run(ThreadPoolExecutor.java:630)
at java.base/java.lang.Thread.run(Thread.java:831)
]]>
            </full-stacktrace>
          </exception> <!-- java.lang.AssertionError -->
          <reporter-output>
          </reporter-output>
        </test-method> <!-- validatingHomePageTitle -->
        <test-method is-config="true" signature="tearDown()[pri:0, instance:tests.HomePageTitleTest@4b1d6571]" started-at="2021-12-30T17:28:24 CST" name="tearDown" finished-at="2021-12-30T17:28:25 CST" duration-ms="505" status="PASS">
          <reporter-output>
          </reporter-output>
        </test-method> <!-- tearDown -->
      </class> <!-- tests.HomePageTitleTest -->
    </test> <!-- Home -->
    <test started-at="2021-12-30T17:28:14 CST" name="Navigation Bar" finished-at="2021-12-30T17:28:25 CST" duration-ms="10306">
      <class name="tests.ValidateNavBarTest">
        <test-method is-config="true" signature="initiliazeDriver()[pri:0, instance:tests.ValidateNavBarTest@74bada02]" started-at="2021-12-30T17:28:14 CST" name="initiliazeDriver" finished-at="2021-12-30T17:28:24 CST" duration-ms="9458" status="PASS">
          <reporter-output>
          </reporter-output>
        </test-method> <!-- initiliazeDriver -->
        <test-method signature="validateNavigation()[pri:0, instance:tests.ValidateNavBarTest@74bada02]" started-at="2021-12-30T17:28:24 CST" name="validateNavigation" finished-at="2021-12-30T17:28:24 CST" duration-ms="403" status="PASS">
          <reporter-output>
          </reporter-output>
        </test-method> <!-- validateNavigation -->
        <test-method is-config="true" signature="tearDown()[pri:0, instance:tests.ValidateNavBarTest@74bada02]" started-at="2021-12-30T17:28:24 CST" name="tearDown" finished-at="2021-12-30T17:28:25 CST" duration-ms="424" status="PASS">
          <reporter-output>
          </reporter-output>
        </test-method> <!-- tearDown -->
      </class> <!-- tests.ValidateNavBarTest -->
    </test> <!-- Navigation Bar -->
    <test started-at="2021-12-30T17:28:14 CST" name="Login" finished-at="2021-12-30T17:28:37 CST" duration-ms="22330">
      <class name="tests.LoginPageTest">
        <test-method signature="homePage(java.lang.String,java.lang.String)[pri:0, instance:tests.LoginPageTest@8ad6665]" started-at="2021-12-30T17:28:14 CST" name="homePage" data-provider="getData" finished-at="2021-12-30T17:28:27 CST" duration-ms="12697" status="PASS">
          <params>
            <param index="0">
              <value>
                <![CDATA[retricted data]]>
              </value>
            </param>
            <param index="1">
              <value>
                <![CDATA[abc@123]]>
              </value>
            </param>
          </params>
          <reporter-output>
          </reporter-output>
        </test-method> <!-- homePage -->
        <test-method signature="homePage(java.lang.String,java.lang.String)[pri:0, instance:tests.LoginPageTest@8ad6665]" started-at="2021-12-30T17:28:27 CST" name="homePage" data-provider="getData" finished-at="2021-12-30T17:28:36 CST" duration-ms="9247" status="PASS">
          <params>
            <param index="0">
              <value>
                <![CDATA[nvh@123]]>
              </value>
            </param>
            <param index="1">
              <value is-null="true"/>
            </param>
          </params>
          <reporter-output>
          </reporter-output>
        </test-method> <!-- homePage -->
        <test-method is-config="true" signature="tearDown()[pri:0, instance:tests.LoginPageTest@8ad6665]" started-at="2021-12-30T17:28:36 CST" name="tearDown" finished-at="2021-12-30T17:28:37 CST" duration-ms="329" status="PASS">
          <reporter-output>
          </reporter-output>
        </test-method> <!-- tearDown -->
      </class> <!-- tests.LoginPageTest -->
    </test> <!-- Login -->
  </suite> <!-- Suite -->
</testng-results>
