<?xml version="1.0" encoding="UTF-8"?>
<testng-results ignored="0" total="3" passed="2" failed="0" skipped="1">
  <reporter-output>
  </reporter-output>
  <suite started-at="2021-10-05T18:13:02 CDT" name="inetBankingV1" finished-at="2021-10-05T18:13:34 CDT" duration-ms="31734">
    <groups>
    </groups>
    <test started-at="2021-10-05T18:13:02 CDT" name="BankingApp Test" finished-at="2021-10-05T18:13:34 CDT" duration-ms="31734">
      <class name="com.inetbanking.testcases.TC_LoginTest_001">
        <test-method is-config="true" signature="initialize(java.lang.String)[pri:0, instance:com.inetbanking.testcases.TC_LoginTest_001@6631f5ca]" started-at="2021-10-05T18:13:03 CDT" name="initialize" finished-at="2021-10-05T18:13:08 CDT" duration-ms="5286" status="PASS">
          <params>
            <param index="0">
              <value>
                <![CDATA[chrome]]>
              </value>
            </param>
          </params>
          <reporter-output>
          </reporter-output>
        </test-method> <!-- initialize -->
        <test-method signature="loginTest()[pri:0, instance:com.inetbanking.testcases.TC_LoginTest_001@6631f5ca]" started-at="2021-10-05T18:13:08 CDT" name="loginTest" finished-at="2021-10-05T18:13:09 CDT" duration-ms="704" status="PASS">
          <reporter-output>
          </reporter-output>
        </test-method> <!-- loginTest -->
      </class> <!-- com.inetbanking.testcases.TC_LoginTest_001 -->
      <class name="com.inetbanking.testcases.TC_AddCustomerTest_003">
        <test-method is-config="true" signature="initialize(java.lang.String)[pri:0, instance:com.inetbanking.testcases.TC_AddCustomerTest_003@5ace1ed4]" started-at="2021-10-05T18:13:09 CDT" name="initialize" finished-at="2021-10-05T18:13:15 CDT" duration-ms="6327" status="PASS">
          <params>
            <param index="0">
              <value>
                <![CDATA[chrome]]>
              </value>
            </param>
          </params>
          <reporter-output>
          </reporter-output>
        </test-method> <!-- initialize -->
        <test-method signature="addNewCustomer()[pri:0, instance:com.inetbanking.testcases.TC_AddCustomerTest_003@5ace1ed4]" started-at="2021-10-05T18:13:15 CDT" name="addNewCustomer" finished-at="2021-10-05T18:13:31 CDT" duration-ms="16524" status="PASS">
          <reporter-output>
          </reporter-output>
        </test-method> <!-- addNewCustomer -->
      </class> <!-- com.inetbanking.testcases.TC_AddCustomerTest_003 -->
      <class name="com.inetbanking.testcases.TC_EditCustomerTest_004">
        <test-method is-config="true" signature="initialize(java.lang.String)[pri:0, instance:com.inetbanking.testcases.TC_EditCustomerTest_004@1613674b]" started-at="2021-10-05T18:13:31 CDT" name="initialize" finished-at="2021-10-05T18:13:34 CDT" duration-ms="2514" status="FAIL">
          <params>
            <param index="0">
              <value>
                <![CDATA[chrome]]>
              </value>
            </param>
          </params>
          <exception class="org.openqa.selenium.SessionNotCreatedException">
            <message>
              <![CDATA[session not created
from tab crashed
  (Session info: chrome=94.0.4606.71)
Build info: version: '3.14.0', revision: 'aacccce0', time: '2018-08-02T20:19:58.91Z'
System info: host: 'DESKTOP-67GQROK', ip: '10.0.0.169', os.name: 'Windows 10', os.arch: 'amd64', os.version: '10.0', java.version: '15.0.2'
Driver info: driver.version: ChromeDriver
remote stacktrace: Backtrace:
Ordinal0 [0x005CB9D3+2472403]
Ordinal0 [0x00566961+2058593]
Ordinal0 [0x00472180+1057152]
Ordinal0 [0x00465558+1004888]
Ordinal0 [0x00465226+1004070]
Ordinal0 [0x0046496A+1001834]
Ordinal0 [0x00463AFD+998141]
Ordinal0 [0x00463DB6+998838]
Ordinal0 [0x004636A5+997029]
Ordinal0 [0x0046E3A4+1041316]
Ordinal0 [0x00463661+996961]
Ordinal0 [0x00464586+1000838]
Ordinal0 [0x00463AFD+998141]
Ordinal0 [0x00463DB6+998838]
Ordinal0 [0x004636A5+997029]
Ordinal0 [0x0046C37A+1033082]
Ordinal0 [0x00463661+996961]
Ordinal0 [0x00464586+1000838]
Ordinal0 [0x00463AFD+998141]
Ordinal0 [0x00463DB6+998838]
Ordinal0 [0x004636A5+997029]
Ordinal0 [0x0046A189+1024393]
Ordinal0 [0x00463661+996961]
Ordinal0 [0x00464586+1000838]
Ordinal0 [0x00463AFD+998141]
Ordinal0 [0x00463DB6+998838]
Ordinal0 [0x004636A5+997029]
Ordinal0 [0x004694AC+1021100]
Ordinal0 [0x00463661+996961]
Ordinal0 [0x00464586+1000838]
Ordinal0 [0x00463AFD+998141]
Ordinal0 [0x00463DB6+998838]
Ordinal0 [0x004636A5+997029]
Ordinal0 [0x0045F28D+979597]
Ordinal0 [0x00463661+996961]
Ordinal0 [0x00463400+996352]
Ordinal0 [0x00463199+995737]
Ordinal0 [0x004734D0+1062096]
Ordinal0 [0x004BA94A+1354058]
Ordinal0 [0x004B95EA+1349098]
Ordinal0 [0x004B545B+1332315]
Ordinal0 [0x00491FB4+1187764]
Ordinal0 [0x00492E09+1191433]
GetHandleVerifier [0x00753396+1551078]
GetHandleVerifier [0x007FD53A+2247818]
GetHandleVerifier [0x00657FBB+521995]
GetHandleVerifier [0x00657079+518089]
Ordinal0 [0x0056BD4D+2080077]
Ordinal0 [0x0056FC18+2096152]
Ordinal0 [0x0056FD52+2096466]
Ordinal0 [0x005794B1+2135217]
BaseThreadInitThunk [0x7677FA29+25]
RtlGetAppContainerNamedObjectPath [0x77357A9E+286]
RtlGetAppContainerNamedObjectPath [0x77357A6E+238]
]]>
            </message>
            <full-stacktrace>
              <![CDATA[org.openqa.selenium.SessionNotCreatedException: session not created
from tab crashed
  (Session info: chrome=94.0.4606.71)
Build info: version: '3.14.0', revision: 'aacccce0', time: '2018-08-02T20:19:58.91Z'
System info: host: 'DESKTOP-67GQROK', ip: '10.0.0.169', os.name: 'Windows 10', os.arch: 'amd64', os.version: '10.0', java.version: '15.0.2'
Driver info: driver.version: ChromeDriver
remote stacktrace: Backtrace:
Ordinal0 [0x005CB9D3+2472403]
Ordinal0 [0x00566961+2058593]
Ordinal0 [0x00472180+1057152]
Ordinal0 [0x00465558+1004888]
Ordinal0 [0x00465226+1004070]
Ordinal0 [0x0046496A+1001834]
Ordinal0 [0x00463AFD+998141]
Ordinal0 [0x00463DB6+998838]
Ordinal0 [0x004636A5+997029]
Ordinal0 [0x0046E3A4+1041316]
Ordinal0 [0x00463661+996961]
Ordinal0 [0x00464586+1000838]
Ordinal0 [0x00463AFD+998141]
Ordinal0 [0x00463DB6+998838]
Ordinal0 [0x004636A5+997029]
Ordinal0 [0x0046C37A+1033082]
Ordinal0 [0x00463661+996961]
Ordinal0 [0x00464586+1000838]
Ordinal0 [0x00463AFD+998141]
Ordinal0 [0x00463DB6+998838]
Ordinal0 [0x004636A5+997029]
Ordinal0 [0x0046A189+1024393]
Ordinal0 [0x00463661+996961]
Ordinal0 [0x00464586+1000838]
Ordinal0 [0x00463AFD+998141]
Ordinal0 [0x00463DB6+998838]
Ordinal0 [0x004636A5+997029]
Ordinal0 [0x004694AC+1021100]
Ordinal0 [0x00463661+996961]
Ordinal0 [0x00464586+1000838]
Ordinal0 [0x00463AFD+998141]
Ordinal0 [0x00463DB6+998838]
Ordinal0 [0x004636A5+997029]
Ordinal0 [0x0045F28D+979597]
Ordinal0 [0x00463661+996961]
Ordinal0 [0x00463400+996352]
Ordinal0 [0x00463199+995737]
Ordinal0 [0x004734D0+1062096]
Ordinal0 [0x004BA94A+1354058]
Ordinal0 [0x004B95EA+1349098]
Ordinal0 [0x004B545B+1332315]
Ordinal0 [0x00491FB4+1187764]
Ordinal0 [0x00492E09+1191433]
GetHandleVerifier [0x00753396+1551078]
GetHandleVerifier [0x007FD53A+2247818]
GetHandleVerifier [0x00657FBB+521995]
GetHandleVerifier [0x00657079+518089]
Ordinal0 [0x0056BD4D+2080077]
Ordinal0 [0x0056FC18+2096152]
Ordinal0 [0x0056FD52+2096466]
Ordinal0 [0x005794B1+2135217]
BaseThreadInitThunk [0x7677FA29+25]
RtlGetAppContainerNamedObjectPath [0x77357A9E+286]
RtlGetAppContainerNamedObjectPath [0x77357A6E+238]

at java.base/jdk.internal.reflect.NativeConstructorAccessorImpl.newInstance0(Native Method)
at java.base/jdk.internal.reflect.NativeConstructorAccessorImpl.newInstance(NativeConstructorAccessorImpl.java:64)
at java.base/jdk.internal.reflect.DelegatingConstructorAccessorImpl.newInstance(DelegatingConstructorAccessorImpl.java:45)
at java.base/java.lang.reflect.Constructor.newInstanceWithCaller(Constructor.java:500)
at java.base/java.lang.reflect.Constructor.newInstance(Constructor.java:481)
at org.openqa.selenium.remote.W3CHandshakeResponse.lambda$new$0(W3CHandshakeResponse.java:57)
at org.openqa.selenium.remote.W3CHandshakeResponse.lambda$getResponseFunction$2(W3CHandshakeResponse.java:104)
at org.openqa.selenium.remote.ProtocolHandshake.lambda$createSession$0(ProtocolHandshake.java:122)
at java.base/java.util.stream.ReferencePipeline$3$1.accept(ReferencePipeline.java:195)
at java.base/java.util.Spliterators$ArraySpliterator.tryAdvance(Spliterators.java:958)
at java.base/java.util.stream.ReferencePipeline.forEachWithCancel(ReferencePipeline.java:127)
at java.base/java.util.stream.AbstractPipeline.copyIntoWithCancel(AbstractPipeline.java:502)
at java.base/java.util.stream.AbstractPipeline.copyInto(AbstractPipeline.java:488)
at java.base/java.util.stream.AbstractPipeline.wrapAndCopyInto(AbstractPipeline.java:474)
at java.base/java.util.stream.FindOps$FindOp.evaluateSequential(FindOps.java:150)
at java.base/java.util.stream.AbstractPipeline.evaluate(AbstractPipeline.java:234)
at java.base/java.util.stream.ReferencePipeline.findFirst(ReferencePipeline.java:543)
at org.openqa.selenium.remote.ProtocolHandshake.createSession(ProtocolHandshake.java:125)
at org.openqa.selenium.remote.ProtocolHandshake.createSession(ProtocolHandshake.java:73)
at org.openqa.selenium.remote.HttpCommandExecutor.execute(HttpCommandExecutor.java:136)
at org.openqa.selenium.remote.service.DriverCommandExecutor.execute(DriverCommandExecutor.java:83)
at org.openqa.selenium.remote.RemoteWebDriver.execute(RemoteWebDriver.java:548)
at org.openqa.selenium.remote.RemoteWebDriver.startSession(RemoteWebDriver.java:212)
at org.openqa.selenium.remote.RemoteWebDriver.<init>(RemoteWebDriver.java:130)
at org.openqa.selenium.chrome.ChromeDriver.<init>(ChromeDriver.java:181)
at org.openqa.selenium.chrome.ChromeDriver.<init>(ChromeDriver.java:168)
at org.openqa.selenium.chrome.ChromeDriver.<init>(ChromeDriver.java:123)
at com.inetbanking.testcases.BaseTest.initialize(BaseTest.java:44)
at java.base/jdk.internal.reflect.NativeMethodAccessorImpl.invoke0(Native Method)
at java.base/jdk.internal.reflect.NativeMethodAccessorImpl.invoke(NativeMethodAccessorImpl.java:64)
at java.base/jdk.internal.reflect.DelegatingMethodAccessorImpl.invoke(DelegatingMethodAccessorImpl.java:43)
at java.base/java.lang.reflect.Method.invoke(Method.java:564)
at org.testng.internal.MethodInvocationHelper.invokeMethod(MethodInvocationHelper.java:132)
at org.testng.internal.MethodInvocationHelper.invokeMethodConsideringTimeout(MethodInvocationHelper.java:61)
at org.testng.internal.ConfigInvoker.invokeConfigurationMethod(ConfigInvoker.java:366)
at org.testng.internal.ConfigInvoker.invokeConfigurations(ConfigInvoker.java:320)
at org.testng.internal.TestMethodWorker.invokeBeforeClassMethods(TestMethodWorker.java:176)
at org.testng.internal.TestMethodWorker.run(TestMethodWorker.java:122)
at java.base/java.util.ArrayList.forEach(ArrayList.java:1511)
at org.testng.TestRunner.privateRun(TestRunner.java:764)
at org.testng.TestRunner.run(TestRunner.java:585)
at org.testng.SuiteRunner.runTest(SuiteRunner.java:384)
at org.testng.SuiteRunner.runSequentially(SuiteRunner.java:378)
at org.testng.SuiteRunner.privateRun(SuiteRunner.java:337)
at org.testng.SuiteRunner.run(SuiteRunner.java:286)
at org.testng.SuiteRunnerWorker.runSuite(SuiteRunnerWorker.java:53)
at org.testng.SuiteRunnerWorker.run(SuiteRunnerWorker.java:96)
at org.testng.TestNG.runSuitesSequentially(TestNG.java:1218)
at org.testng.TestNG.runSuitesLocally(TestNG.java:1140)
at org.testng.TestNG.runSuites(TestNG.java:1069)
at org.testng.TestNG.run(TestNG.java:1037)
at org.testng.remote.AbstractRemoteTestNG.run(AbstractRemoteTestNG.java:115)
at org.testng.remote.RemoteTestNG.initAndRun(RemoteTestNG.java:251)
at org.testng.remote.RemoteTestNG.main(RemoteTestNG.java:77)
]]>
            </full-stacktrace>
          </exception> <!-- org.openqa.selenium.SessionNotCreatedException -->
          <reporter-output>
          </reporter-output>
        </test-method> <!-- initialize -->
        <test-method signature="editCustomer()[pri:0, instance:com.inetbanking.testcases.TC_EditCustomerTest_004@1613674b]" started-at="2021-10-05T18:13:34 CDT" name="editCustomer" finished-at="2021-10-05T18:13:34 CDT" duration-ms="0" status="SKIP">
          <exception class="org.openqa.selenium.SessionNotCreatedException">
            <message>
              <![CDATA[session not created
from tab crashed
  (Session info: chrome=94.0.4606.71)
Build info: version: '3.14.0', revision: 'aacccce0', time: '2018-08-02T20:19:58.91Z'
System info: host: 'DESKTOP-67GQROK', ip: '10.0.0.169', os.name: 'Windows 10', os.arch: 'amd64', os.version: '10.0', java.version: '15.0.2'
Driver info: driver.version: ChromeDriver
remote stacktrace: Backtrace:
Ordinal0 [0x005CB9D3+2472403]
Ordinal0 [0x00566961+2058593]
Ordinal0 [0x00472180+1057152]
Ordinal0 [0x00465558+1004888]
Ordinal0 [0x00465226+1004070]
Ordinal0 [0x0046496A+1001834]
Ordinal0 [0x00463AFD+998141]
Ordinal0 [0x00463DB6+998838]
Ordinal0 [0x004636A5+997029]
Ordinal0 [0x0046E3A4+1041316]
Ordinal0 [0x00463661+996961]
Ordinal0 [0x00464586+1000838]
Ordinal0 [0x00463AFD+998141]
Ordinal0 [0x00463DB6+998838]
Ordinal0 [0x004636A5+997029]
Ordinal0 [0x0046C37A+1033082]
Ordinal0 [0x00463661+996961]
Ordinal0 [0x00464586+1000838]
Ordinal0 [0x00463AFD+998141]
Ordinal0 [0x00463DB6+998838]
Ordinal0 [0x004636A5+997029]
Ordinal0 [0x0046A189+1024393]
Ordinal0 [0x00463661+996961]
Ordinal0 [0x00464586+1000838]
Ordinal0 [0x00463AFD+998141]
Ordinal0 [0x00463DB6+998838]
Ordinal0 [0x004636A5+997029]
Ordinal0 [0x004694AC+1021100]
Ordinal0 [0x00463661+996961]
Ordinal0 [0x00464586+1000838]
Ordinal0 [0x00463AFD+998141]
Ordinal0 [0x00463DB6+998838]
Ordinal0 [0x004636A5+997029]
Ordinal0 [0x0045F28D+979597]
Ordinal0 [0x00463661+996961]
Ordinal0 [0x00463400+996352]
Ordinal0 [0x00463199+995737]
Ordinal0 [0x004734D0+1062096]
Ordinal0 [0x004BA94A+1354058]
Ordinal0 [0x004B95EA+1349098]
Ordinal0 [0x004B545B+1332315]
Ordinal0 [0x00491FB4+1187764]
Ordinal0 [0x00492E09+1191433]
GetHandleVerifier [0x00753396+1551078]
GetHandleVerifier [0x007FD53A+2247818]
GetHandleVerifier [0x00657FBB+521995]
GetHandleVerifier [0x00657079+518089]
Ordinal0 [0x0056BD4D+2080077]
Ordinal0 [0x0056FC18+2096152]
Ordinal0 [0x0056FD52+2096466]
Ordinal0 [0x005794B1+2135217]
BaseThreadInitThunk [0x7677FA29+25]
RtlGetAppContainerNamedObjectPath [0x77357A9E+286]
RtlGetAppContainerNamedObjectPath [0x77357A6E+238]
]]>
            </message>
            <full-stacktrace>
              <![CDATA[org.openqa.selenium.SessionNotCreatedException: session not created
from tab crashed
  (Session info: chrome=94.0.4606.71)
Build info: version: '3.14.0', revision: 'aacccce0', time: '2018-08-02T20:19:58.91Z'
System info: host: 'DESKTOP-67GQROK', ip: '10.0.0.169', os.name: 'Windows 10', os.arch: 'amd64', os.version: '10.0', java.version: '15.0.2'
Driver info: driver.version: ChromeDriver
remote stacktrace: Backtrace:
Ordinal0 [0x005CB9D3+2472403]
Ordinal0 [0x00566961+2058593]
Ordinal0 [0x00472180+1057152]
Ordinal0 [0x00465558+1004888]
Ordinal0 [0x00465226+1004070]
Ordinal0 [0x0046496A+1001834]
Ordinal0 [0x00463AFD+998141]
Ordinal0 [0x00463DB6+998838]
Ordinal0 [0x004636A5+997029]
Ordinal0 [0x0046E3A4+1041316]
Ordinal0 [0x00463661+996961]
Ordinal0 [0x00464586+1000838]
Ordinal0 [0x00463AFD+998141]
Ordinal0 [0x00463DB6+998838]
Ordinal0 [0x004636A5+997029]
Ordinal0 [0x0046C37A+1033082]
Ordinal0 [0x00463661+996961]
Ordinal0 [0x00464586+1000838]
Ordinal0 [0x00463AFD+998141]
Ordinal0 [0x00463DB6+998838]
Ordinal0 [0x004636A5+997029]
Ordinal0 [0x0046A189+1024393]
Ordinal0 [0x00463661+996961]
Ordinal0 [0x00464586+1000838]
Ordinal0 [0x00463AFD+998141]
Ordinal0 [0x00463DB6+998838]
Ordinal0 [0x004636A5+997029]
Ordinal0 [0x004694AC+1021100]
Ordinal0 [0x00463661+996961]
Ordinal0 [0x00464586+1000838]
Ordinal0 [0x00463AFD+998141]
Ordinal0 [0x00463DB6+998838]
Ordinal0 [0x004636A5+997029]
Ordinal0 [0x0045F28D+979597]
Ordinal0 [0x00463661+996961]
Ordinal0 [0x00463400+996352]
Ordinal0 [0x00463199+995737]
Ordinal0 [0x004734D0+1062096]
Ordinal0 [0x004BA94A+1354058]
Ordinal0 [0x004B95EA+1349098]
Ordinal0 [0x004B545B+1332315]
Ordinal0 [0x00491FB4+1187764]
Ordinal0 [0x00492E09+1191433]
GetHandleVerifier [0x00753396+1551078]
GetHandleVerifier [0x007FD53A+2247818]
GetHandleVerifier [0x00657FBB+521995]
GetHandleVerifier [0x00657079+518089]
Ordinal0 [0x0056BD4D+2080077]
Ordinal0 [0x0056FC18+2096152]
Ordinal0 [0x0056FD52+2096466]
Ordinal0 [0x005794B1+2135217]
BaseThreadInitThunk [0x7677FA29+25]
RtlGetAppContainerNamedObjectPath [0x77357A9E+286]
RtlGetAppContainerNamedObjectPath [0x77357A6E+238]

at java.base/jdk.internal.reflect.NativeConstructorAccessorImpl.newInstance0(Native Method)
at java.base/jdk.internal.reflect.NativeConstructorAccessorImpl.newInstance(NativeConstructorAccessorImpl.java:64)
at java.base/jdk.internal.reflect.DelegatingConstructorAccessorImpl.newInstance(DelegatingConstructorAccessorImpl.java:45)
at java.base/java.lang.reflect.Constructor.newInstanceWithCaller(Constructor.java:500)
at java.base/java.lang.reflect.Constructor.newInstance(Constructor.java:481)
at org.openqa.selenium.remote.W3CHandshakeResponse.lambda$new$0(W3CHandshakeResponse.java:57)
at org.openqa.selenium.remote.W3CHandshakeResponse.lambda$getResponseFunction$2(W3CHandshakeResponse.java:104)
at org.openqa.selenium.remote.ProtocolHandshake.lambda$createSession$0(ProtocolHandshake.java:122)
at java.base/java.util.stream.ReferencePipeline$3$1.accept(ReferencePipeline.java:195)
at java.base/java.util.Spliterators$ArraySpliterator.tryAdvance(Spliterators.java:958)
at java.base/java.util.stream.ReferencePipeline.forEachWithCancel(ReferencePipeline.java:127)
at java.base/java.util.stream.AbstractPipeline.copyIntoWithCancel(AbstractPipeline.java:502)
at java.base/java.util.stream.AbstractPipeline.copyInto(AbstractPipeline.java:488)
at java.base/java.util.stream.AbstractPipeline.wrapAndCopyInto(AbstractPipeline.java:474)
at java.base/java.util.stream.FindOps$FindOp.evaluateSequential(FindOps.java:150)
at java.base/java.util.stream.AbstractPipeline.evaluate(AbstractPipeline.java:234)
at java.base/java.util.stream.ReferencePipeline.findFirst(ReferencePipeline.java:543)
at org.openqa.selenium.remote.ProtocolHandshake.createSession(ProtocolHandshake.java:125)
at org.openqa.selenium.remote.ProtocolHandshake.createSession(ProtocolHandshake.java:73)
at org.openqa.selenium.remote.HttpCommandExecutor.execute(HttpCommandExecutor.java:136)
at org.openqa.selenium.remote.service.DriverCommandExecutor.execute(DriverCommandExecutor.java:83)
at org.openqa.selenium.remote.RemoteWebDriver.execute(RemoteWebDriver.java:548)
at org.openqa.selenium.remote.RemoteWebDriver.startSession(RemoteWebDriver.java:212)
at org.openqa.selenium.remote.RemoteWebDriver.<init>(RemoteWebDriver.java:130)
at org.openqa.selenium.chrome.ChromeDriver.<init>(ChromeDriver.java:181)
at org.openqa.selenium.chrome.ChromeDriver.<init>(ChromeDriver.java:168)
at org.openqa.selenium.chrome.ChromeDriver.<init>(ChromeDriver.java:123)
at com.inetbanking.testcases.BaseTest.initialize(BaseTest.java:44)
at java.base/jdk.internal.reflect.NativeMethodAccessorImpl.invoke0(Native Method)
at java.base/jdk.internal.reflect.NativeMethodAccessorImpl.invoke(NativeMethodAccessorImpl.java:64)
at java.base/jdk.internal.reflect.DelegatingMethodAccessorImpl.invoke(DelegatingMethodAccessorImpl.java:43)
at java.base/java.lang.reflect.Method.invoke(Method.java:564)
at org.testng.internal.MethodInvocationHelper.invokeMethod(MethodInvocationHelper.java:132)
at org.testng.internal.MethodInvocationHelper.invokeMethodConsideringTimeout(MethodInvocationHelper.java:61)
at org.testng.internal.ConfigInvoker.invokeConfigurationMethod(ConfigInvoker.java:366)
at org.testng.internal.ConfigInvoker.invokeConfigurations(ConfigInvoker.java:320)
at org.testng.internal.TestMethodWorker.invokeBeforeClassMethods(TestMethodWorker.java:176)
at org.testng.internal.TestMethodWorker.run(TestMethodWorker.java:122)
at java.base/java.util.ArrayList.forEach(ArrayList.java:1511)
at org.testng.TestRunner.privateRun(TestRunner.java:764)
at org.testng.TestRunner.run(TestRunner.java:585)
at org.testng.SuiteRunner.runTest(SuiteRunner.java:384)
at org.testng.SuiteRunner.runSequentially(SuiteRunner.java:378)
at org.testng.SuiteRunner.privateRun(SuiteRunner.java:337)
at org.testng.SuiteRunner.run(SuiteRunner.java:286)
at org.testng.SuiteRunnerWorker.runSuite(SuiteRunnerWorker.java:53)
at org.testng.SuiteRunnerWorker.run(SuiteRunnerWorker.java:96)
at org.testng.TestNG.runSuitesSequentially(TestNG.java:1218)
at org.testng.TestNG.runSuitesLocally(TestNG.java:1140)
at org.testng.TestNG.runSuites(TestNG.java:1069)
at org.testng.TestNG.run(TestNG.java:1037)
at org.testng.remote.AbstractRemoteTestNG.run(AbstractRemoteTestNG.java:115)
at org.testng.remote.RemoteTestNG.initAndRun(RemoteTestNG.java:251)
at org.testng.remote.RemoteTestNG.main(RemoteTestNG.java:77)
]]>
            </full-stacktrace>
          </exception> <!-- org.openqa.selenium.SessionNotCreatedException -->
          <reporter-output>
          </reporter-output>
        </test-method> <!-- editCustomer -->
      </class> <!-- com.inetbanking.testcases.TC_EditCustomerTest_004 -->
    </test> <!-- BankingApp Test -->
  </suite> <!-- inetBankingV1 -->
</testng-results>
